0 info it worked if it ends with ok
1 verbose cli [ 'node', '/usr/local/bin/npm', 'install', 'bcrypt' ]
2 info using npm@1.3.21
3 info using node@v0.10.24
4 warn package.json Hammerzeit@0.1.0 No repository field.
5 verbose readDependencies using package.json deps
6 verbose cache add [ 'bcrypt', null ]
7 verbose cache add name=undefined spec="bcrypt" args=["bcrypt",null]
8 verbose parsed url { protocol: null,
8 verbose parsed url   slashes: null,
8 verbose parsed url   auth: null,
8 verbose parsed url   host: null,
8 verbose parsed url   port: null,
8 verbose parsed url   hostname: null,
8 verbose parsed url   hash: null,
8 verbose parsed url   search: null,
8 verbose parsed url   query: null,
8 verbose parsed url   pathname: 'bcrypt',
8 verbose parsed url   path: 'bcrypt',
8 verbose parsed url   href: 'bcrypt' }
9 silly lockFile 51684124-bcrypt bcrypt
10 verbose lock bcrypt /Users/samuelpurcell/.npm/51684124-bcrypt.lock
11 silly lockFile 51684124-bcrypt bcrypt
12 silly lockFile 51684124-bcrypt bcrypt
13 verbose addNamed [ 'bcrypt', '' ]
14 verbose addNamed [ null, '*' ]
15 silly lockFile 1351601c-bcrypt bcrypt@
16 verbose lock bcrypt@ /Users/samuelpurcell/.npm/1351601c-bcrypt.lock
17 silly addNameRange { name: 'bcrypt', range: '*', hasData: false }
18 verbose url raw bcrypt
19 verbose url resolving [ 'https://registry.npmjs.org/', './bcrypt' ]
20 verbose url resolved https://registry.npmjs.org/bcrypt
21 info trying registry request attempt 1 at 23:57:49
22 http GET https://registry.npmjs.org/bcrypt
23 http 200 https://registry.npmjs.org/bcrypt
24 silly registry.get cb [ 200,
24 silly registry.get   { date: 'Sun, 20 Apr 2014 15:57:51 GMT',
24 silly registry.get     server: 'CouchDB/1.5.0 (Erlang OTP/R14B04)',
24 silly registry.get     etag: '"B7YTBG914CNFXPJ1AT3QXUTQD"',
24 silly registry.get     'content-type': 'application/json',
24 silly registry.get     via: '1.1 varnish',
24 silly registry.get     'cache-control': 'max-age=1',
24 silly registry.get     'content-length': '53939',
24 silly registry.get     'accept-ranges': 'bytes',
24 silly registry.get     age: '443',
24 silly registry.get     'x-served-by': 'cache-v42-ASH, cache-ty67-TYO',
24 silly registry.get     'x-cache': 'MISS, MISS',
24 silly registry.get     'x-cache-hits': '0, 0',
24 silly registry.get     'x-timer': 'S1398009470.985648155,VS0,VS83,VE167,VE254',
24 silly registry.get     vary: 'Accept',
24 silly registry.get     'keep-alive': 'timeout=10, max=50',
24 silly registry.get     connection: 'Keep-Alive' } ]
25 silly addNameRange number 2 { name: 'bcrypt', range: '*', hasData: true }
26 silly addNameRange versions [ 'bcrypt',
26 silly addNameRange   [ '0.1.2',
26 silly addNameRange     '0.2.0',
26 silly addNameRange     '0.2.1',
26 silly addNameRange     '0.1.3',
26 silly addNameRange     '0.2.2',
26 silly addNameRange     '0.2.3',
26 silly addNameRange     '0.2.4',
26 silly addNameRange     '0.3.0',
26 silly addNameRange     '0.3.1',
26 silly addNameRange     '0.3.2',
26 silly addNameRange     '0.4.0',
26 silly addNameRange     '0.4.1',
26 silly addNameRange     '0.5.0',
26 silly addNameRange     '0.6.0',
26 silly addNameRange     '0.7.0',
26 silly addNameRange     '0.7.1',
26 silly addNameRange     '0.7.2',
26 silly addNameRange     '0.7.3',
26 silly addNameRange     '0.7.4',
26 silly addNameRange     '0.7.5',
26 silly addNameRange     '0.7.6',
26 silly addNameRange     '0.7.7' ] ]
27 verbose addNamed [ 'bcrypt', '0.7.7' ]
28 verbose addNamed [ '0.7.7', '0.7.7' ]
29 silly lockFile ad2a9212-bcrypt-0-7-7 bcrypt@0.7.7
30 verbose lock bcrypt@0.7.7 /Users/samuelpurcell/.npm/ad2a9212-bcrypt-0-7-7.lock
31 silly lockFile cf81592e-pmjs-org-bcrypt-bcrypt-0-7-7-tgz https://registry.npmjs.org/bcrypt/-/bcrypt-0.7.7.tgz
32 verbose lock https://registry.npmjs.org/bcrypt/-/bcrypt-0.7.7.tgz /Users/samuelpurcell/.npm/cf81592e-pmjs-org-bcrypt-bcrypt-0-7-7-tgz.lock
33 verbose addRemoteTarball [ 'https://registry.npmjs.org/bcrypt/-/bcrypt-0.7.7.tgz',
33 verbose addRemoteTarball   '966a2e709b8cf62c2e05408baf7c5ed663b3c868' ]
34 info retry fetch attempt 1 at 23:57:51
35 verbose fetch to= /var/folders/jm/46smlvld0s91jtxgr_zxp0nw0000gn/T/npm-33933-tMEXvmQw/1398009471942-0.05488644982688129/tmp.tgz
36 http GET https://registry.npmjs.org/bcrypt/-/bcrypt-0.7.7.tgz
37 http 200 https://registry.npmjs.org/bcrypt/-/bcrypt-0.7.7.tgz
38 verbose tar unpack /var/folders/jm/46smlvld0s91jtxgr_zxp0nw0000gn/T/npm-33933-tMEXvmQw/1398009471942-0.05488644982688129/tmp.tgz
39 silly lockFile d5e00690-1942-0-05488644982688129-package tar:///var/folders/jm/46smlvld0s91jtxgr_zxp0nw0000gn/T/npm-33933-tMEXvmQw/1398009471942-0.05488644982688129/package
40 verbose lock tar:///var/folders/jm/46smlvld0s91jtxgr_zxp0nw0000gn/T/npm-33933-tMEXvmQw/1398009471942-0.05488644982688129/package /Users/samuelpurcell/.npm/d5e00690-1942-0-05488644982688129-package.lock
41 silly lockFile 6b4a0f15-1942-0-05488644982688129-tmp-tgz tar:///var/folders/jm/46smlvld0s91jtxgr_zxp0nw0000gn/T/npm-33933-tMEXvmQw/1398009471942-0.05488644982688129/tmp.tgz
42 verbose lock tar:///var/folders/jm/46smlvld0s91jtxgr_zxp0nw0000gn/T/npm-33933-tMEXvmQw/1398009471942-0.05488644982688129/tmp.tgz /Users/samuelpurcell/.npm/6b4a0f15-1942-0-05488644982688129-tmp-tgz.lock
43 silly gunzTarPerm modes [ '755', '644' ]
44 silly gunzTarPerm extractEntry package.json
45 silly gunzTarPerm extractEntry .npmignore
46 silly gunzTarPerm extractEntry README.md
47 silly gunzTarPerm extractEntry LICENSE
48 silly gunzTarPerm extractEntry bcrypt.js
49 silly gunzTarPerm extractEntry Makefile
50 silly gunzTarPerm extractEntry .travis.yml
51 silly gunzTarPerm extractEntry binding.gyp
52 silly gunzTarPerm extractEntry examples/async_compare.js
53 silly gunzTarPerm extractEntry examples/forever_gen_salt.js
54 silly gunzTarPerm extractEntry CHANGELOG
55 silly gunzTarPerm extractEntry src/bcrypt.cc
56 silly gunzTarPerm extractEntry src/bcrypt_node.cc
57 silly gunzTarPerm extractEntry src/blowfish.cc
58 silly gunzTarPerm extractEntry src/node_blf.h
59 silly gunzTarPerm extractEntry test/async.js
60 silly gunzTarPerm extractEntry test/deprecated.js
61 silly gunzTarPerm extractEntry test/repetitions.js
62 silly gunzTarPerm extractEntry test/sync.js
63 silly gunzTarPerm extractEntry wscript
64 silly lockFile d5e00690-1942-0-05488644982688129-package tar:///var/folders/jm/46smlvld0s91jtxgr_zxp0nw0000gn/T/npm-33933-tMEXvmQw/1398009471942-0.05488644982688129/package
65 silly lockFile d5e00690-1942-0-05488644982688129-package tar:///var/folders/jm/46smlvld0s91jtxgr_zxp0nw0000gn/T/npm-33933-tMEXvmQw/1398009471942-0.05488644982688129/package
66 silly lockFile 6b4a0f15-1942-0-05488644982688129-tmp-tgz tar:///var/folders/jm/46smlvld0s91jtxgr_zxp0nw0000gn/T/npm-33933-tMEXvmQw/1398009471942-0.05488644982688129/tmp.tgz
67 silly lockFile 6b4a0f15-1942-0-05488644982688129-tmp-tgz tar:///var/folders/jm/46smlvld0s91jtxgr_zxp0nw0000gn/T/npm-33933-tMEXvmQw/1398009471942-0.05488644982688129/tmp.tgz
68 verbose tar pack [ '/Users/samuelpurcell/.npm/bcrypt/0.7.7/package.tgz',
68 verbose tar pack   '/var/folders/jm/46smlvld0s91jtxgr_zxp0nw0000gn/T/npm-33933-tMEXvmQw/1398009471942-0.05488644982688129/package' ]
69 verbose tarball /Users/samuelpurcell/.npm/bcrypt/0.7.7/package.tgz
70 verbose folder /var/folders/jm/46smlvld0s91jtxgr_zxp0nw0000gn/T/npm-33933-tMEXvmQw/1398009471942-0.05488644982688129/package
71 silly lockFile d5e00690-1942-0-05488644982688129-package tar:///var/folders/jm/46smlvld0s91jtxgr_zxp0nw0000gn/T/npm-33933-tMEXvmQw/1398009471942-0.05488644982688129/package
72 verbose lock tar:///var/folders/jm/46smlvld0s91jtxgr_zxp0nw0000gn/T/npm-33933-tMEXvmQw/1398009471942-0.05488644982688129/package /Users/samuelpurcell/.npm/d5e00690-1942-0-05488644982688129-package.lock
73 silly lockFile d43aa5bb-ell-npm-bcrypt-0-7-7-package-tgz tar:///Users/samuelpurcell/.npm/bcrypt/0.7.7/package.tgz
74 verbose lock tar:///Users/samuelpurcell/.npm/bcrypt/0.7.7/package.tgz /Users/samuelpurcell/.npm/d43aa5bb-ell-npm-bcrypt-0-7-7-package-tgz.lock
75 silly lockFile d5e00690-1942-0-05488644982688129-package tar:///var/folders/jm/46smlvld0s91jtxgr_zxp0nw0000gn/T/npm-33933-tMEXvmQw/1398009471942-0.05488644982688129/package
76 silly lockFile d5e00690-1942-0-05488644982688129-package tar:///var/folders/jm/46smlvld0s91jtxgr_zxp0nw0000gn/T/npm-33933-tMEXvmQw/1398009471942-0.05488644982688129/package
77 silly lockFile d43aa5bb-ell-npm-bcrypt-0-7-7-package-tgz tar:///Users/samuelpurcell/.npm/bcrypt/0.7.7/package.tgz
78 silly lockFile d43aa5bb-ell-npm-bcrypt-0-7-7-package-tgz tar:///Users/samuelpurcell/.npm/bcrypt/0.7.7/package.tgz
79 silly lockFile 7bfdab22-purcell-npm-bcrypt-0-7-7-package /Users/samuelpurcell/.npm/bcrypt/0.7.7/package
80 verbose lock /Users/samuelpurcell/.npm/bcrypt/0.7.7/package /Users/samuelpurcell/.npm/7bfdab22-purcell-npm-bcrypt-0-7-7-package.lock
81 silly lockFile 7bfdab22-purcell-npm-bcrypt-0-7-7-package /Users/samuelpurcell/.npm/bcrypt/0.7.7/package
82 silly lockFile 7bfdab22-purcell-npm-bcrypt-0-7-7-package /Users/samuelpurcell/.npm/bcrypt/0.7.7/package
83 verbose tar unpack /Users/samuelpurcell/.npm/bcrypt/0.7.7/package.tgz
84 silly lockFile 35ebd905-purcell-npm-bcrypt-0-7-7-package tar:///Users/samuelpurcell/.npm/bcrypt/0.7.7/package
85 verbose lock tar:///Users/samuelpurcell/.npm/bcrypt/0.7.7/package /Users/samuelpurcell/.npm/35ebd905-purcell-npm-bcrypt-0-7-7-package.lock
86 silly lockFile d43aa5bb-ell-npm-bcrypt-0-7-7-package-tgz tar:///Users/samuelpurcell/.npm/bcrypt/0.7.7/package.tgz
87 verbose lock tar:///Users/samuelpurcell/.npm/bcrypt/0.7.7/package.tgz /Users/samuelpurcell/.npm/d43aa5bb-ell-npm-bcrypt-0-7-7-package-tgz.lock
88 silly gunzTarPerm modes [ '755', '644' ]
89 silly gunzTarPerm extractEntry package.json
90 silly gunzTarPerm extractEntry .npmignore
91 silly gunzTarPerm extractEntry README.md
92 silly gunzTarPerm extractEntry LICENSE
93 silly gunzTarPerm extractEntry bcrypt.js
94 silly gunzTarPerm extractEntry Makefile
95 silly gunzTarPerm extractEntry .travis.yml
96 silly gunzTarPerm extractEntry binding.gyp
97 silly gunzTarPerm extractEntry examples/async_compare.js
98 silly gunzTarPerm extractEntry examples/forever_gen_salt.js
99 silly gunzTarPerm extractEntry CHANGELOG
100 silly gunzTarPerm extractEntry src/bcrypt.cc
101 silly gunzTarPerm extractEntry src/bcrypt_node.cc
102 silly gunzTarPerm extractEntry src/blowfish.cc
103 silly gunzTarPerm extractEntry src/node_blf.h
104 silly gunzTarPerm extractEntry test/async.js
105 silly gunzTarPerm extractEntry test/deprecated.js
106 silly gunzTarPerm extractEntry test/repetitions.js
107 silly gunzTarPerm extractEntry test/sync.js
108 silly gunzTarPerm extractEntry wscript
109 silly lockFile 35ebd905-purcell-npm-bcrypt-0-7-7-package tar:///Users/samuelpurcell/.npm/bcrypt/0.7.7/package
110 silly lockFile 35ebd905-purcell-npm-bcrypt-0-7-7-package tar:///Users/samuelpurcell/.npm/bcrypt/0.7.7/package
111 silly lockFile d43aa5bb-ell-npm-bcrypt-0-7-7-package-tgz tar:///Users/samuelpurcell/.npm/bcrypt/0.7.7/package.tgz
112 silly lockFile d43aa5bb-ell-npm-bcrypt-0-7-7-package-tgz tar:///Users/samuelpurcell/.npm/bcrypt/0.7.7/package.tgz
113 verbose chmod /Users/samuelpurcell/.npm/bcrypt/0.7.7/package.tgz 644
114 verbose chown /Users/samuelpurcell/.npm/bcrypt/0.7.7/package.tgz [ 501, 20 ]
115 silly lockFile cf81592e-pmjs-org-bcrypt-bcrypt-0-7-7-tgz https://registry.npmjs.org/bcrypt/-/bcrypt-0.7.7.tgz
116 silly lockFile cf81592e-pmjs-org-bcrypt-bcrypt-0-7-7-tgz https://registry.npmjs.org/bcrypt/-/bcrypt-0.7.7.tgz
117 silly lockFile ad2a9212-bcrypt-0-7-7 bcrypt@0.7.7
118 silly lockFile ad2a9212-bcrypt-0-7-7 bcrypt@0.7.7
119 silly lockFile 1351601c-bcrypt bcrypt@
120 silly lockFile 1351601c-bcrypt bcrypt@
121 silly resolved [ { name: 'bcrypt',
121 silly resolved     description: 'A bcrypt library for NodeJS.',
121 silly resolved     keywords:
121 silly resolved      [ 'bcrypt',
121 silly resolved        'password',
121 silly resolved        'auth',
121 silly resolved        'authentication',
121 silly resolved        'encryption',
121 silly resolved        'crypt',
121 silly resolved        'crypto' ],
121 silly resolved     main: './bcrypt',
121 silly resolved     version: '0.7.7',
121 silly resolved     author: { name: 'Nick Campbell', url: 'http://github.com/ncb000gt' },
121 silly resolved     engines: { node: '>= 0.6.0' },
121 silly resolved     repository:
121 silly resolved      { type: 'git',
121 silly resolved        url: 'http://github.com/ncb000gt/node.bcrypt.js.git' },
121 silly resolved     licenses: [ [Object] ],
121 silly resolved     bugs: { url: 'http://github.com/ncb000gt/node.bcrypt.js/issues' },
121 silly resolved     scripts:
121 silly resolved      { test: 'node-gyp configure build && nodeunit test',
121 silly resolved        install: 'node-gyp rebuild' },
121 silly resolved     dependencies: { bindings: '1.0.0' },
121 silly resolved     devDependencies: { nodeunit: '>=0.6.4' },
121 silly resolved     contributors:
121 silly resolved      [ [Object],
121 silly resolved        [Object],
121 silly resolved        [Object],
121 silly resolved        [Object],
121 silly resolved        [Object],
121 silly resolved        [Object],
121 silly resolved        [Object],
121 silly resolved        [Object],
121 silly resolved        [Object],
121 silly resolved        [Object],
121 silly resolved        [Object],
121 silly resolved        [Object],
121 silly resolved        [Object],
121 silly resolved        [Object] ],
121 silly resolved     gypfile: true,
121 silly resolved     readme: '# node.bcrypt.js\n\n[![Build Status](https://secure.travis-ci.org/ncb000gt/node.bcrypt.js.png)](http://travis-ci.org/#!/ncb000gt/node.bcrypt.js) \n\nLib to help you hash passwords.\n[bcrypt on wikipedia][bcryptwiki]\n\nCatalyst for this module: [How To Safely Store A Password][codahale]\n\n## If You Are Submitting Bugs/Issues\n\nBecause we can\'t magically know what you are doing to expose an issue, it is best if you provide a snippet of code. This snippet need not include your secret sauce, but it must replicate the issue you are describing. The issues that get closed without resolution tend to be the ones without code examples. Thanks.\n\n\n## Version Compatability\n\n<table>\n<tr>\n<td>Node Ver</td><td>Bcrypt Version</td>\n</tr>\n<tr>\n<td>&lt;= 0.4.x</td><td>&lt;= 0.4.x</td>\n</tr>\n<tr>\n<td>&gt;= 0.6.x</td><td>&gt;= 0.5.x</td>\n</tr>\n</table>\n\nWindows users should make sure to have at least node 0.8.5 installed and version >= 0.7.1 of this module.  \n`node-gyp` only works with stable/released versions of node. Since the `bcrypt` module uses `node-gyp` to build and install you\'ll need a stable version of node to use bcrypt. If you do not you\'ll likely see an error that starts with:\n\n    gyp ERR! stack Error: "pre" versions of node cannot be installed, use the --nodedir flag instead\n\n\n\n## Security Issues/Concerns\n\nAs should be the case with any security tool, this library should be scrutinized by anyone using it. If you find or suspect an issue with the code- please bring it to my attention and I\'ll spend some time trying to make sure that this tool is as secure as possible.\n\nTo make it easier for people using this tool to analyze what has been surveyed, here is a list of BCrypt related security issues/concerns as they\'ve come up.\n\n* An [issue with passwords][jtr] was found with a version of the Blowfish algorithm developed for John the Ripper. This is not present in the OpenBSD version and is thus not a problem for this module. HT [zooko][zooko].\n\n## Dependencies\n\n* NodeJS\n* OpenSSL (Development Libraries (header files) for compilation)\n * For Windows you\'ll need http://slproweb.com/products/Win32OpenSSL.html installed to the default location of `C:\\OpenSSL-Win32`\n  * When installing OpenSSL, you must tell it to put DLLs in `The Windows system directory` to avoid `The specified module could not be found.` errors.\n  * Please note that for this to build properly you\'ll need the Normal version of OpenSSL-Win<arch>, not the Light version. The reason for this is that we need to be able to compile the code using the header files that exist in the Normal version.\n  * For 64 bit use the 64 bit version and install to `C:\\OpenSSL-Win64`\n* `node-gyp`\n * Please check the dependencies for this tool at: https://github.com/TooTallNate/node-gyp/\n  * Windows users will need the options for c# and c++ installed with their visual studio instance.\n  * Python 2.x\n\n## Install via NPM\n```\nnpm install bcrypt\n```\n\n## Usage\n\n### async (recommended)\n\nTo hash a password:\n\n```javascript\nvar bcrypt = require(\'bcrypt\');\nbcrypt.genSalt(10, function(err, salt) {\n    bcrypt.hash("B4c0/\\/", salt, function(err, hash) {\n        // Store hash in your password DB.\n    });\n});\n```\n\nTo check a password:\n\n```javascript\n// Load hash from your password DB.\nbcrypt.compare("B4c0/\\/", hash, function(err, res) {\n    // res == true\n});\nbcrypt.compare("not_bacon", hash, function(err, res) {\n    // res = false\n});\n```\n\nAuto-gen a salt and hash:\n\n```javascript\nbcrypt.hash(\'bacon\', 8, function(err, hash) {\n});\n```\n\n\n### sync\n\nTo hash a password:\n\n```javascript\nvar bcrypt = require(\'bcrypt\');\nvar salt = bcrypt.genSaltSync(10);\nvar hash = bcrypt.hashSync("B4c0/\\/", salt);\n// Store hash in your password DB.\n```\n\nTo check a password:\n\n```javascript\n// Load hash from your password DB.\nbcrypt.compareSync("B4c0/\\/", hash); // true\nbcrypt.compareSync("not_bacon", hash); // false\n```\n\nAuto-gen a salt and hash:\n\n```javascript\nvar hash = bcrypt.hashSync(\'bacon\', 8);\n```\n\n## API\n\n`BCrypt.`\n\n  * `genSaltSync(rounds, seed_length)`\n    * `rounds` - [OPTIONAL] - the number of rounds to process the data for. (default - 10)\n    * `seed_length` - [OPTIONAL] - RAND_bytes wants a length. to make that a bit flexible, you can specify a seed_length. (default - 20)\n  * `genSalt(rounds, seed_length, cb)`\n    * `rounds` - [OPTIONAL] - the number of rounds to process the data for. (default - 10)\n    * `seed_length` - [OPTIONAL] - RAND_bytes wants a length. to make that a bit flexible, you can specify a seed_length. (default - 20)\n    * `cb` - [REQUIRED] - a callback to be fired once the salt has been generated. uses eio making it asynchronous.\n      * `err` - First parameter to the callback detailing any errors.\n      * `salt` - Second parameter to the callback providing the generated salt.\n  * `hashSync(data, salt)`\n    * `data` - [REQUIRED] - the data to be encrypted.\n    * `salt` - [REQUIRED] - the salt to be used in encryption.\n  * `hash(data, salt, cb)`\n    * `data` - [REQUIRED] - the data to be encrypted.\n    * `salt` - [REQUIRED] - the salt to be used to hash the password. if specified as a number then a salt will be generated and used (see examples).\n    * `cb` - [REQUIRED] - a callback to be fired once the data has been encrypted. uses eio making it asynchronous.\n      * `err` - First parameter to the callback detailing any errors.\n      * `encrypted` - Second parameter to the callback providing the encrypted form.\n  * `compareSync(data, encrypted)`\n    * `data` - [REQUIRED] - data to compare.\n    * `encrypted` - [REQUIRED] - data to be compared to.\n  * `compare(data, encrypted, cb)`\n    * `data` - [REQUIRED] - data to compare.\n    * `encrypted` - [REQUIRED] - data to be compared to.\n    * `cb` - [REQUIRED] - a callback to be fired once the data has been compared. uses eio making it asynchronous.\n      * `err` - First parameter to the callback detailing any errors.\n      * `same` - Second parameter to the callback providing whether the data and encrypted forms match [true | false].\n  * `getRounds(encrypted)` - return the number of rounds used to encrypt a given hash\n    * `encrypted` - [REQUIRED] - hash from which the number of rounds used should be extracted.\n\n\n## Hash Info\n\nThe characters that comprise the resultant hash are `./ABCDEFGHIJKLMNOPQRSTUVWXYZabcdefghijklmnopqrstuvwxyz0123456789$`.\n\n## Testing\n\nIf you create a pull request, tests better pass :)\n\n```\nnpm install\nnpm test\n```\n\n## Credits\n\nThe code for this comes from a few sources:\n\n* blowfish.cc - OpenBSD\n* bcrypt.cc - OpenBSD\n* bcrypt::gen_salt - [gen_salt inclusion to bcrypt][bcryptgs]\n* bcrypt_node.cc - me\n\n## Contributors\n\n* [Antonio Salazar Cardozo][shadowfiend] - Early MacOS X support (when we used libbsd)\n* [Ben Glow][pixelglow] - Fixes for thread safety with async calls\n* [Van Nguyen][thegoleffect] - Found a timing attack in the comparator\n* [NewITFarmer][newitfarmer] - Initial Cygwin support\n* [David Trejo][dtrejo] - packaging fixes\n* [Alfred Westerveld][alfredwesterveld] - packaging fixes\n* [Vincent Côté-Roy][vincentr] - Testing around concurrency issues\n* [Lloyd Hilaiel][lloyd] - Documentation fixes\n* [Roman Shtylman][shtylman] - Code refactoring, general rot reduction, compile options, better memory management with delete and new, and an upgrade to libuv over eio/ev.\n* [Vadim Graboys][vadimg] - Code changes to support 0.5.5+\n* [Ben Noordhuis][bnoordhuis] - Fixed a thread safety issue in nodejs that was perfectly mappable to this module.\n* [Nate Rajlich][tootallnate] - Bindings and build process.\n* [Sean McArthur][seanmonstar] - Windows Support\n* [Fanie Oosthuysen][weareu] - Windows Support\n\n## License\nUnless stated elsewhere, file headers or otherwise, the license as stated in the LICENSE file.\n\n[bcryptwiki]: http://en.wikipedia.org/wiki/Bcrypt\n[bcryptgs]: http://mail-index.netbsd.org/tech-crypto/2002/05/24/msg000204.html\n[codahale]: http://codahale.com/how-to-safely-store-a-password/\n[gh13]: https://github.com/ncb000gt/node.bcrypt.js/issues/13\n[jtr]: http://www.openwall.com/lists/oss-security/2011/06/20/2\n\n[shadowfiend]:https://github.com/Shadowfiend\n[thegoleffect]:https://github.com/thegoleffect\n[pixelglow]:https://github.com/pixelglow\n[dtrejo]:https://github.com/dtrejo\n[alfredwesterveld]:https://github.com/alfredwesterveld\n[newitfarmer]:https://github.com/newitfarmer\n[zooko]:https://twitter.com/zooko\n[vincentr]:https://twitter.com/vincentcr\n[lloyd]:https://github.com/lloyd\n[shtylman]:https://github.com/shtylman\n[vadimg]:https://github.com/vadimg\n[bnoordhuis]:https://github.com/bnoordhuis\n[tootallnate]:https://github.com/tootallnate\n[seanmonstar]:https://github.com/seanmonstar\n[weareu]:https://github.com/weareu\n',
121 silly resolved     readmeFilename: 'README.md',
121 silly resolved     homepage: 'https://github.com/ncb000gt/node.bcrypt.js',
121 silly resolved     _id: 'bcrypt@0.7.7',
121 silly resolved     dist: { shasum: '966a2e709b8cf62c2e05408baf7c5ed663b3c868' },
121 silly resolved     _from: 'bcrypt@',
121 silly resolved     _resolved: 'https://registry.npmjs.org/bcrypt/-/bcrypt-0.7.7.tgz' } ]
122 info install bcrypt@0.7.7 into /Applications/XAMPP/xamppfiles/htdocs/Hammerzeit
123 info installOne bcrypt@0.7.7
124 info /Applications/XAMPP/xamppfiles/htdocs/Hammerzeit/node_modules/bcrypt unbuild
125 verbose tar unpack /Users/samuelpurcell/.npm/bcrypt/0.7.7/package.tgz
126 silly lockFile 25f427b3-s-Hammerzeit-node-modules-bcrypt tar:///Applications/XAMPP/xamppfiles/htdocs/Hammerzeit/node_modules/bcrypt
127 verbose lock tar:///Applications/XAMPP/xamppfiles/htdocs/Hammerzeit/node_modules/bcrypt /Users/samuelpurcell/.npm/25f427b3-s-Hammerzeit-node-modules-bcrypt.lock
128 silly lockFile d43aa5bb-ell-npm-bcrypt-0-7-7-package-tgz tar:///Users/samuelpurcell/.npm/bcrypt/0.7.7/package.tgz
129 verbose lock tar:///Users/samuelpurcell/.npm/bcrypt/0.7.7/package.tgz /Users/samuelpurcell/.npm/d43aa5bb-ell-npm-bcrypt-0-7-7-package-tgz.lock
130 silly gunzTarPerm modes [ '755', '644' ]
131 silly gunzTarPerm extractEntry package.json
132 silly gunzTarPerm extractEntry .npmignore
133 silly gunzTarPerm extractEntry README.md
134 silly gunzTarPerm extractEntry LICENSE
135 silly gunzTarPerm extractEntry bcrypt.js
136 silly gunzTarPerm extractEntry Makefile
137 silly gunzTarPerm extractEntry .travis.yml
138 silly gunzTarPerm extractEntry binding.gyp
139 silly gunzTarPerm extractEntry examples/async_compare.js
140 silly gunzTarPerm extractEntry examples/forever_gen_salt.js
141 silly gunzTarPerm extractEntry CHANGELOG
142 silly gunzTarPerm extractEntry src/bcrypt.cc
143 silly gunzTarPerm extractEntry src/bcrypt_node.cc
144 silly gunzTarPerm extractEntry src/blowfish.cc
145 silly gunzTarPerm extractEntry src/node_blf.h
146 silly gunzTarPerm extractEntry test/async.js
147 silly gunzTarPerm extractEntry test/deprecated.js
148 silly gunzTarPerm extractEntry test/repetitions.js
149 silly gunzTarPerm extractEntry test/sync.js
150 silly gunzTarPerm extractEntry wscript
151 silly lockFile 25f427b3-s-Hammerzeit-node-modules-bcrypt tar:///Applications/XAMPP/xamppfiles/htdocs/Hammerzeit/node_modules/bcrypt
152 silly lockFile 25f427b3-s-Hammerzeit-node-modules-bcrypt tar:///Applications/XAMPP/xamppfiles/htdocs/Hammerzeit/node_modules/bcrypt
153 silly lockFile d43aa5bb-ell-npm-bcrypt-0-7-7-package-tgz tar:///Users/samuelpurcell/.npm/bcrypt/0.7.7/package.tgz
154 silly lockFile d43aa5bb-ell-npm-bcrypt-0-7-7-package-tgz tar:///Users/samuelpurcell/.npm/bcrypt/0.7.7/package.tgz
155 info preinstall bcrypt@0.7.7
156 verbose readDependencies using package.json deps
157 verbose readDependencies using package.json deps
158 verbose cache add [ 'bindings@1.0.0', null ]
159 verbose cache add name=undefined spec="bindings@1.0.0" args=["bindings@1.0.0",null]
160 verbose parsed url { protocol: null,
160 verbose parsed url   slashes: null,
160 verbose parsed url   auth: null,
160 verbose parsed url   host: null,
160 verbose parsed url   port: null,
160 verbose parsed url   hostname: null,
160 verbose parsed url   hash: null,
160 verbose parsed url   search: null,
160 verbose parsed url   query: null,
160 verbose parsed url   pathname: 'bindings@1.0.0',
160 verbose parsed url   path: 'bindings@1.0.0',
160 verbose parsed url   href: 'bindings@1.0.0' }
161 verbose cache add name="bindings" spec="1.0.0" args=["bindings","1.0.0"]
162 verbose parsed url { protocol: null,
162 verbose parsed url   slashes: null,
162 verbose parsed url   auth: null,
162 verbose parsed url   host: null,
162 verbose parsed url   port: null,
162 verbose parsed url   hostname: null,
162 verbose parsed url   hash: null,
162 verbose parsed url   search: null,
162 verbose parsed url   query: null,
162 verbose parsed url   pathname: '1.0.0',
162 verbose parsed url   path: '1.0.0',
162 verbose parsed url   href: '1.0.0' }
163 verbose addNamed [ 'bindings', '1.0.0' ]
164 verbose addNamed [ '1.0.0', '1.0.0' ]
165 silly lockFile f01e5454-bindings-1-0-0 bindings@1.0.0
166 verbose lock bindings@1.0.0 /Users/samuelpurcell/.npm/f01e5454-bindings-1-0-0.lock
167 verbose url raw bindings/1.0.0
168 verbose url resolving [ 'https://registry.npmjs.org/', './bindings/1.0.0' ]
169 verbose url resolved https://registry.npmjs.org/bindings/1.0.0
170 info trying registry request attempt 1 at 23:57:52
171 http GET https://registry.npmjs.org/bindings/1.0.0
172 http 200 https://registry.npmjs.org/bindings/1.0.0
173 silly registry.get cb [ 200,
173 silly registry.get   { date: 'Sun, 20 Apr 2014 15:57:53 GMT',
173 silly registry.get     server: 'CouchDB/1.6.0+build.fauxton-91-g5a2864b (Erlang OTP/R14B04)',
173 silly registry.get     etag: '"46F6QA6GQH8US6OJEYEPIMOT6"',
173 silly registry.get     'content-type': 'application/json',
173 silly registry.get     via: '1.1 varnish',
173 silly registry.get     'cache-control': 'max-age=1',
173 silly registry.get     'content-length': '676',
173 silly registry.get     'accept-ranges': 'bytes',
173 silly registry.get     age: '621',
173 silly registry.get     'x-served-by': 'cache-v36-ASH, cache-ty68-TYO',
173 silly registry.get     'x-cache': 'MISS, MISS',
173 silly registry.get     'x-cache-hits': '0, 0',
173 silly registry.get     'x-timer': 'S1398008852.520741940,VS0,VS42,VE134,VE620833',
173 silly registry.get     vary: 'Accept',
173 silly registry.get     'keep-alive': 'timeout=10, max=50',
173 silly registry.get     connection: 'Keep-Alive' } ]
174 silly lockFile ccf0f56a--org-bindings-bindings-1-0-0-tgz https://registry.npmjs.org/bindings/-/bindings-1.0.0.tgz
175 verbose lock https://registry.npmjs.org/bindings/-/bindings-1.0.0.tgz /Users/samuelpurcell/.npm/ccf0f56a--org-bindings-bindings-1-0-0-tgz.lock
176 verbose addRemoteTarball [ 'https://registry.npmjs.org/bindings/-/bindings-1.0.0.tgz',
176 verbose addRemoteTarball   'c3ccde60e9de6807c6f1aa4ef4843af29191c828' ]
177 info retry fetch attempt 1 at 23:57:53
178 verbose fetch to= /var/folders/jm/46smlvld0s91jtxgr_zxp0nw0000gn/T/npm-33933-tMEXvmQw/1398009473774-0.8548560035414994/tmp.tgz
179 http GET https://registry.npmjs.org/bindings/-/bindings-1.0.0.tgz
180 http 200 https://registry.npmjs.org/bindings/-/bindings-1.0.0.tgz
181 verbose tar unpack /var/folders/jm/46smlvld0s91jtxgr_zxp0nw0000gn/T/npm-33933-tMEXvmQw/1398009473774-0.8548560035414994/tmp.tgz
182 silly lockFile b16333eb-73774-0-8548560035414994-package tar:///var/folders/jm/46smlvld0s91jtxgr_zxp0nw0000gn/T/npm-33933-tMEXvmQw/1398009473774-0.8548560035414994/package
183 verbose lock tar:///var/folders/jm/46smlvld0s91jtxgr_zxp0nw0000gn/T/npm-33933-tMEXvmQw/1398009473774-0.8548560035414994/package /Users/samuelpurcell/.npm/b16333eb-73774-0-8548560035414994-package.lock
184 silly lockFile cf0bea76-73774-0-8548560035414994-tmp-tgz tar:///var/folders/jm/46smlvld0s91jtxgr_zxp0nw0000gn/T/npm-33933-tMEXvmQw/1398009473774-0.8548560035414994/tmp.tgz
185 verbose lock tar:///var/folders/jm/46smlvld0s91jtxgr_zxp0nw0000gn/T/npm-33933-tMEXvmQw/1398009473774-0.8548560035414994/tmp.tgz /Users/samuelpurcell/.npm/cf0bea76-73774-0-8548560035414994-tmp-tgz.lock
186 silly gunzTarPerm modes [ '755', '644' ]
187 silly gunzTarPerm extractEntry package.json
188 silly gunzTarPerm extractEntry README.md
189 silly gunzTarPerm extractEntry bindings.js
190 silly lockFile b16333eb-73774-0-8548560035414994-package tar:///var/folders/jm/46smlvld0s91jtxgr_zxp0nw0000gn/T/npm-33933-tMEXvmQw/1398009473774-0.8548560035414994/package
191 silly lockFile b16333eb-73774-0-8548560035414994-package tar:///var/folders/jm/46smlvld0s91jtxgr_zxp0nw0000gn/T/npm-33933-tMEXvmQw/1398009473774-0.8548560035414994/package
192 silly lockFile cf0bea76-73774-0-8548560035414994-tmp-tgz tar:///var/folders/jm/46smlvld0s91jtxgr_zxp0nw0000gn/T/npm-33933-tMEXvmQw/1398009473774-0.8548560035414994/tmp.tgz
193 silly lockFile cf0bea76-73774-0-8548560035414994-tmp-tgz tar:///var/folders/jm/46smlvld0s91jtxgr_zxp0nw0000gn/T/npm-33933-tMEXvmQw/1398009473774-0.8548560035414994/tmp.tgz
194 verbose tar pack [ '/Users/samuelpurcell/.npm/bindings/1.0.0/package.tgz',
194 verbose tar pack   '/var/folders/jm/46smlvld0s91jtxgr_zxp0nw0000gn/T/npm-33933-tMEXvmQw/1398009473774-0.8548560035414994/package' ]
195 verbose tarball /Users/samuelpurcell/.npm/bindings/1.0.0/package.tgz
196 verbose folder /var/folders/jm/46smlvld0s91jtxgr_zxp0nw0000gn/T/npm-33933-tMEXvmQw/1398009473774-0.8548560035414994/package
197 silly lockFile b16333eb-73774-0-8548560035414994-package tar:///var/folders/jm/46smlvld0s91jtxgr_zxp0nw0000gn/T/npm-33933-tMEXvmQw/1398009473774-0.8548560035414994/package
198 verbose lock tar:///var/folders/jm/46smlvld0s91jtxgr_zxp0nw0000gn/T/npm-33933-tMEXvmQw/1398009473774-0.8548560035414994/package /Users/samuelpurcell/.npm/b16333eb-73774-0-8548560035414994-package.lock
199 silly lockFile 2179fb5c-l-npm-bindings-1-0-0-package-tgz tar:///Users/samuelpurcell/.npm/bindings/1.0.0/package.tgz
200 verbose lock tar:///Users/samuelpurcell/.npm/bindings/1.0.0/package.tgz /Users/samuelpurcell/.npm/2179fb5c-l-npm-bindings-1-0-0-package-tgz.lock
201 silly lockFile b16333eb-73774-0-8548560035414994-package tar:///var/folders/jm/46smlvld0s91jtxgr_zxp0nw0000gn/T/npm-33933-tMEXvmQw/1398009473774-0.8548560035414994/package
202 silly lockFile b16333eb-73774-0-8548560035414994-package tar:///var/folders/jm/46smlvld0s91jtxgr_zxp0nw0000gn/T/npm-33933-tMEXvmQw/1398009473774-0.8548560035414994/package
203 silly lockFile 2179fb5c-l-npm-bindings-1-0-0-package-tgz tar:///Users/samuelpurcell/.npm/bindings/1.0.0/package.tgz
204 silly lockFile 2179fb5c-l-npm-bindings-1-0-0-package-tgz tar:///Users/samuelpurcell/.npm/bindings/1.0.0/package.tgz
205 silly lockFile bcf643af-rcell-npm-bindings-1-0-0-package /Users/samuelpurcell/.npm/bindings/1.0.0/package
206 verbose lock /Users/samuelpurcell/.npm/bindings/1.0.0/package /Users/samuelpurcell/.npm/bcf643af-rcell-npm-bindings-1-0-0-package.lock
207 silly lockFile bcf643af-rcell-npm-bindings-1-0-0-package /Users/samuelpurcell/.npm/bindings/1.0.0/package
208 silly lockFile bcf643af-rcell-npm-bindings-1-0-0-package /Users/samuelpurcell/.npm/bindings/1.0.0/package
209 verbose tar unpack /Users/samuelpurcell/.npm/bindings/1.0.0/package.tgz
210 silly lockFile c9dbf422-rcell-npm-bindings-1-0-0-package tar:///Users/samuelpurcell/.npm/bindings/1.0.0/package
211 verbose lock tar:///Users/samuelpurcell/.npm/bindings/1.0.0/package /Users/samuelpurcell/.npm/c9dbf422-rcell-npm-bindings-1-0-0-package.lock
212 silly lockFile 2179fb5c-l-npm-bindings-1-0-0-package-tgz tar:///Users/samuelpurcell/.npm/bindings/1.0.0/package.tgz
213 verbose lock tar:///Users/samuelpurcell/.npm/bindings/1.0.0/package.tgz /Users/samuelpurcell/.npm/2179fb5c-l-npm-bindings-1-0-0-package-tgz.lock
214 silly gunzTarPerm modes [ '755', '644' ]
215 silly gunzTarPerm extractEntry package.json
216 silly gunzTarPerm extractEntry README.md
217 silly gunzTarPerm extractEntry bindings.js
218 silly lockFile c9dbf422-rcell-npm-bindings-1-0-0-package tar:///Users/samuelpurcell/.npm/bindings/1.0.0/package
219 silly lockFile c9dbf422-rcell-npm-bindings-1-0-0-package tar:///Users/samuelpurcell/.npm/bindings/1.0.0/package
220 silly lockFile 2179fb5c-l-npm-bindings-1-0-0-package-tgz tar:///Users/samuelpurcell/.npm/bindings/1.0.0/package.tgz
221 silly lockFile 2179fb5c-l-npm-bindings-1-0-0-package-tgz tar:///Users/samuelpurcell/.npm/bindings/1.0.0/package.tgz
222 verbose chmod /Users/samuelpurcell/.npm/bindings/1.0.0/package.tgz 644
223 verbose chown /Users/samuelpurcell/.npm/bindings/1.0.0/package.tgz [ 501, 20 ]
224 silly lockFile ccf0f56a--org-bindings-bindings-1-0-0-tgz https://registry.npmjs.org/bindings/-/bindings-1.0.0.tgz
225 silly lockFile ccf0f56a--org-bindings-bindings-1-0-0-tgz https://registry.npmjs.org/bindings/-/bindings-1.0.0.tgz
226 silly lockFile f01e5454-bindings-1-0-0 bindings@1.0.0
227 silly lockFile f01e5454-bindings-1-0-0 bindings@1.0.0
228 silly resolved [ { name: 'bindings',
228 silly resolved     description: 'Helper module for loading your native module\'s .node file',
228 silly resolved     keywords: [ 'native', 'addon', 'bindings', 'gyp', 'waf', 'c', 'c++' ],
228 silly resolved     version: '1.0.0',
228 silly resolved     author:
228 silly resolved      { name: 'Nathan Rajlich',
228 silly resolved        email: 'nathan@tootallnate.net',
228 silly resolved        url: 'http://tootallnate.net' },
228 silly resolved     repository:
228 silly resolved      { type: 'git',
228 silly resolved        url: 'git://github.com/TooTallNate/node-bindings.git' },
228 silly resolved     main: './bindings.js',
228 silly resolved     readme: 'node-bindings\n=============\n### Helper module for loading your native module\'s .node file\n\nThis is a helper module for authors of Node.js native addon modules.\nIt is basically the "swiss army knife" of `require()`ing your native module\'s\n`.node` file.\n\nThroughout the course of Node\'s native addon history, addons have ended up being\ncompiled in a variety of different places, depending on which build tool and which\nversion of node was used. To make matters worse, now the _gyp_ build tool can\nproduce either a _Release_ or _Debug_ build, each being built into different\nlocations.\n\nThis module checks _all_ the possible locations that a native addon would be built\nat, and returns the first one that loads successfully.\n\n\nInstallation\n------------\n\nInstall with `npm`:\n\n``` bash\n$ npm install bindings\n```\n\nOr add it to the `"dependencies"` section of your _package.json_ file.\n\n\nExample\n-------\n\n`require()`ing the proper bindings file for the current node version, platform\nand architecture is as simple as:\n\n``` js\nvar bindings = require(\'bindings\')(\'binding.node\')\n\n// Use your bindings defined in your C files\nbindings.your_c_function()\n```\n\n\nNice Error Output\n-----------------\n\nWhen the `.node` file could not be loaded, `node-bindings` throws an Error with\na nice error message telling you exactly what was tried. You can also check the\n`err.tries` Array property.\n\n```\nError: Could not load the bindings file. Tried:\n → /Users/nrajlich/ref/build/binding.node\n → /Users/nrajlich/ref/build/Debug/binding.node\n → /Users/nrajlich/ref/build/Release/binding.node\n → /Users/nrajlich/ref/out/Debug/binding.node\n → /Users/nrajlich/ref/Debug/binding.node\n → /Users/nrajlich/ref/out/Release/binding.node\n → /Users/nrajlich/ref/Release/binding.node\n → /Users/nrajlich/ref/build/default/binding.node\n → /Users/nrajlich/ref/compiled/0.8.2/darwin/x64/binding.node\n    at bindings (/Users/nrajlich/ref/node_modules/bindings/bindings.js:84:13)\n    at Object.<anonymous> (/Users/nrajlich/ref/lib/ref.js:5:47)\n    at Module._compile (module.js:449:26)\n    at Object.Module._extensions..js (module.js:467:10)\n    at Module.load (module.js:356:32)\n    at Function.Module._load (module.js:312:12)\n    ...\n```\n\n\nLicense\n-------\n\n(The MIT License)\n\nCopyright (c) 2012 Nathan Rajlich &lt;nathan@tootallnate.net&gt;\n\nPermission is hereby granted, free of charge, to any person obtaining\na copy of this software and associated documentation files (the\n\'Software\'), to deal in the Software without restriction, including\nwithout limitation the rights to use, copy, modify, merge, publish,\ndistribute, sublicense, and/or sell copies of the Software, and to\npermit persons to whom the Software is furnished to do so, subject to\nthe following conditions:\n\nThe above copyright notice and this permission notice shall be\nincluded in all copies or substantial portions of the Software.\n\nTHE SOFTWARE IS PROVIDED \'AS IS\', WITHOUT WARRANTY OF ANY KIND,\nEXPRESS OR IMPLIED, INCLUDING BUT NOT LIMITED TO THE WARRANTIES OF\nMERCHANTABILITY, FITNESS FOR A PARTICULAR PURPOSE AND NONINFRINGEMENT.\nIN NO EVENT SHALL THE AUTHORS OR COPYRIGHT HOLDERS BE LIABLE FOR ANY\nCLAIM, DAMAGES OR OTHER LIABILITY, WHETHER IN AN ACTION OF CONTRACT,\nTORT OR OTHERWISE, ARISING FROM, OUT OF OR IN CONNECTION WITH THE\nSOFTWARE OR THE USE OR OTHER DEALINGS IN THE SOFTWARE.\n',
228 silly resolved     readmeFilename: 'README.md',
228 silly resolved     bugs: { url: 'https://github.com/TooTallNate/node-bindings/issues' },
228 silly resolved     homepage: 'https://github.com/TooTallNate/node-bindings',
228 silly resolved     _id: 'bindings@1.0.0',
228 silly resolved     dist: { shasum: 'c3ccde60e9de6807c6f1aa4ef4843af29191c828' },
228 silly resolved     _from: 'bindings@1.0.0',
228 silly resolved     _resolved: 'https://registry.npmjs.org/bindings/-/bindings-1.0.0.tgz' } ]
229 info install bindings@1.0.0 into /Applications/XAMPP/xamppfiles/htdocs/Hammerzeit/node_modules/bcrypt
230 info installOne bindings@1.0.0
231 info /Applications/XAMPP/xamppfiles/htdocs/Hammerzeit/node_modules/bcrypt/node_modules/bindings unbuild
232 verbose tar unpack /Users/samuelpurcell/.npm/bindings/1.0.0/package.tgz
233 silly lockFile e4328897-les-bcrypt-node-modules-bindings tar:///Applications/XAMPP/xamppfiles/htdocs/Hammerzeit/node_modules/bcrypt/node_modules/bindings
234 verbose lock tar:///Applications/XAMPP/xamppfiles/htdocs/Hammerzeit/node_modules/bcrypt/node_modules/bindings /Users/samuelpurcell/.npm/e4328897-les-bcrypt-node-modules-bindings.lock
235 silly lockFile 2179fb5c-l-npm-bindings-1-0-0-package-tgz tar:///Users/samuelpurcell/.npm/bindings/1.0.0/package.tgz
236 verbose lock tar:///Users/samuelpurcell/.npm/bindings/1.0.0/package.tgz /Users/samuelpurcell/.npm/2179fb5c-l-npm-bindings-1-0-0-package-tgz.lock
237 silly gunzTarPerm modes [ '755', '644' ]
238 silly gunzTarPerm extractEntry package.json
239 silly gunzTarPerm extractEntry README.md
240 silly gunzTarPerm extractEntry bindings.js
241 silly lockFile e4328897-les-bcrypt-node-modules-bindings tar:///Applications/XAMPP/xamppfiles/htdocs/Hammerzeit/node_modules/bcrypt/node_modules/bindings
242 silly lockFile e4328897-les-bcrypt-node-modules-bindings tar:///Applications/XAMPP/xamppfiles/htdocs/Hammerzeit/node_modules/bcrypt/node_modules/bindings
243 silly lockFile 2179fb5c-l-npm-bindings-1-0-0-package-tgz tar:///Users/samuelpurcell/.npm/bindings/1.0.0/package.tgz
244 silly lockFile 2179fb5c-l-npm-bindings-1-0-0-package-tgz tar:///Users/samuelpurcell/.npm/bindings/1.0.0/package.tgz
245 info preinstall bindings@1.0.0
246 verbose readDependencies using package.json deps
247 verbose readDependencies using package.json deps
248 silly resolved []
249 verbose about to build /Applications/XAMPP/xamppfiles/htdocs/Hammerzeit/node_modules/bcrypt/node_modules/bindings
250 info build /Applications/XAMPP/xamppfiles/htdocs/Hammerzeit/node_modules/bcrypt/node_modules/bindings
251 verbose linkStuff [ false,
251 verbose linkStuff   false,
251 verbose linkStuff   false,
251 verbose linkStuff   '/Applications/XAMPP/xamppfiles/htdocs/Hammerzeit/node_modules/bcrypt/node_modules' ]
252 info linkStuff bindings@1.0.0
253 verbose linkBins bindings@1.0.0
254 verbose linkMans bindings@1.0.0
255 verbose rebuildBundles bindings@1.0.0
256 info install bindings@1.0.0
257 info postinstall bindings@1.0.0
258 verbose about to build /Applications/XAMPP/xamppfiles/htdocs/Hammerzeit/node_modules/bcrypt
259 info build /Applications/XAMPP/xamppfiles/htdocs/Hammerzeit/node_modules/bcrypt
260 verbose linkStuff [ false,
260 verbose linkStuff   false,
260 verbose linkStuff   false,
260 verbose linkStuff   '/Applications/XAMPP/xamppfiles/htdocs/Hammerzeit/node_modules' ]
261 info linkStuff bcrypt@0.7.7
262 verbose linkBins bcrypt@0.7.7
263 verbose linkMans bcrypt@0.7.7
264 verbose rebuildBundles bcrypt@0.7.7
265 verbose rebuildBundles [ 'bindings' ]
266 info install bcrypt@0.7.7
267 verbose unsafe-perm in lifecycle true
268 info bcrypt@0.7.7 Failed to exec install script
269 info /Applications/XAMPP/xamppfiles/htdocs/Hammerzeit/node_modules/bcrypt unbuild
270 info preuninstall bcrypt@0.7.7
271 info uninstall bcrypt@0.7.7
272 verbose true,/Applications/XAMPP/xamppfiles/htdocs/Hammerzeit/node_modules,/Applications/XAMPP/xamppfiles/htdocs/Hammerzeit/node_modules unbuild bcrypt@0.7.7
273 info postuninstall bcrypt@0.7.7
274 error bcrypt@0.7.7 install: `node-gyp rebuild`
274 error Exit status 1
275 error Failed at the bcrypt@0.7.7 install script.
275 error This is most likely a problem with the bcrypt package,
275 error not with npm itself.
275 error Tell the author that this fails on your system:
275 error     node-gyp rebuild
275 error You can get their info via:
275 error     npm owner ls bcrypt
275 error There is likely additional logging output above.
276 error System Darwin 13.1.0
277 error command "node" "/usr/local/bin/npm" "install" "bcrypt"
278 error cwd /Applications/XAMPP/xamppfiles/htdocs/Hammerzeit
279 error node -v v0.10.24
280 error npm -v 1.3.21
281 error code ELIFECYCLE
282 verbose exit [ 1, true ]
